[2025-04-09 23:24:36]: Starting build for depot 3564381, content path is "E:\MyPetGirl\sdk\tools\ContentBuilder\content\", build flags 0x0
[2025-04-09 23:24:36]: Building file listing for depot 3564381 ...
[2025-04-09 23:24:36]: Found 191 files for mapping: E:\MyPetGirl\sdk\tools\ContentBuilder\content * -> .
[2025-04-09 23:24:36]: Found 191 files (206 MB) for depot 3564381
[2025-04-09 23:24:37]: Building depot 3564381, no baseline manifest
[2025-04-09 23:24:39]: Found 341 new chunks ( 0 used previously ) for depot 3564381, took 0 minutes, 2 seconds
[2025-04-09 23:24:39]: Changes to baseline manifest 0 :
[2025-04-09 23:24:39]: Added  : "漂流岛屿" 0 KB ,Flags: 64
[2025-04-09 23:24:39]: Added  : "漂流岛屿\DriftingStory.exe" 639 KB 
[2025-04-09 23:24:39]: Added  : "漂流岛屿\DriftingStory_BurstDebugInformation_DoNotShip" 0 KB ,Flags: 64
[2025-04-09 23:24:39]: Added  : "漂流岛屿\DriftingStory_BurstDebugInformation_DoNotShip\Data" 0 KB ,Flags: 64
[2025-04-09 23:24:39]: Added  : "漂流岛屿\DriftingStory_BurstDebugInformation_DoNotShip\Data\Plugins" 0 KB ,Flags: 64
[2025-04-09 23:24:39]: Added  : "漂流岛屿\DriftingStory_BurstDebugInformation_DoNotShip\Data\Plugins\x86_64" 0 KB ,Flags: 64
[2025-04-09 23:24:39]: Added  : "漂流岛屿\DriftingStory_BurstDebugInformation_DoNotShip\Data\Plugins\x86_64\lib_burst_generated.txt" 35 KB 
[2025-04-09 23:24:39]: Added  : "漂流岛屿\DriftingStory_Data" 0 KB ,Flags: 64
[2025-04-09 23:24:39]: Added  : "漂流岛屿\DriftingStory_Data\app.info" 1 KB 
[2025-04-09 23:24:39]: Added  : "漂流岛屿\DriftingStory_Data\boot.config" 1 KB 
[2025-04-09 23:24:39]: Added  : "漂流岛屿\DriftingStory_Data\globalgamemanagers" 342 KB 
[2025-04-09 23:24:39]: Added  : "漂流岛屿\DriftingStory_Data\globalgamemanagers.assets" 855 KB 
[2025-04-09 23:24:39]: Added  : "漂流岛屿\DriftingStory_Data\globalgamemanagers.assets.resS" 3875 KB 
[2025-04-09 23:24:39]: Added  : "漂流岛屿\DriftingStory_Data\level0" 134 KB 
[2025-04-09 23:24:39]: Added  : "漂流岛屿\DriftingStory_Data\level0.resS" 129 KB 
[2025-04-09 23:24:39]: Added  : "漂流岛屿\DriftingStory_Data\Managed" 0 KB ,Flags: 64
[2025-04-09 23:24:39]: Added  : "漂流岛屿\DriftingStory_Data\Managed\Assembly-CSharp-firstpass.dll" 280 KB 
[2025-04-09 23:24:39]: Added  : "漂流岛屿\DriftingStory_Data\Managed\Assembly-CSharp.dll" 322 KB 
[2025-04-09 23:24:39]: Added  : "漂流岛屿\DriftingStory_Data\Managed\BehaviorDesigner.Runtime.dll" 116 KB 
[2025-04-09 23:24:39]: Added  : "漂流岛屿\DriftingStory_Data\Managed\Cinemachine.dll" 282 KB 
[2025-04-09 23:24:39]: Added  : "漂流岛屿\DriftingStory_Data\Managed\DOTween.dll" 159 KB 
[2025-04-09 23:24:39]: Added  : "漂流岛屿\DriftingStory_Data\Managed\Fungus.dll" 1093 KB 
[2025-04-09 23:24:39]: Added  : "漂流岛屿\DriftingStory_Data\Managed\LitJSON.dll" 60 KB 
[2025-04-09 23:24:39]: Added  : "漂流岛屿\DriftingStory_Data\Managed\Mono.Security.dll" 236 KB 
[2025-04-09 23:24:39]: Added  : "漂流岛屿\DriftingStory_Data\Managed\mscorlib.dll" 4523 KB 
[2025-04-09 23:24:39]: Added  : "漂流岛屿\DriftingStory_Data\Managed\netstandard.dll" 88 KB 
[2025-04-09 23:24:39]: Added  : "漂流岛屿\DriftingStory_Data\Managed\Sirenix.OdinInspector.Attributes.dll" 38 KB 
[2025-04-09 23:24:39]: Added  : "漂流岛屿\DriftingStory_Data\Managed\Sirenix.OdinInspector.CompatibilityLayer.dll" 5 KB 
[2025-04-09 23:24:39]: Added  : "漂流岛屿\DriftingStory_Data\Managed\Sirenix.Serialization.Config.dll" 17 KB 
[2025-04-09 23:24:39]: Added  : "漂流岛屿\DriftingStory_Data\Managed\Sirenix.Serialization.dll" 308 KB 
[2025-04-09 23:24:39]: Added  : "漂流岛屿\DriftingStory_Data\Managed\Sirenix.Utilities.dll" 139 KB 
[2025-04-09 23:24:39]: Added  : "漂流岛屿\DriftingStory_Data\Managed\System.ComponentModel.Composition.dll" 251 KB 
[2025-04-09 23:24:39]: Added  : "漂流岛屿\DriftingStory_Data\Managed\System.Configuration.dll" 122 KB 
[2025-04-09 23:24:39]: Added  : "漂流岛屿\DriftingStory_Data\Managed\System.Core.dll" 1087 KB 
[2025-04-09 23:24:39]: Added  : "漂流岛屿\DriftingStory_Data\Managed\System.Data.DataSetExtensions.dll" 29 KB 
[2025-04-09 23:24:39]: Added  : "漂流岛屿\DriftingStory_Data\Managed\System.Data.dll" 2069 KB 
[2025-04-09 23:24:39]: Added  : "漂流岛屿\DriftingStory_Data\Managed\System.dll" 2576 KB 
[2025-04-09 23:24:39]: Added  : "漂流岛屿\DriftingStory_Data\Managed\System.Drawing.dll" 479 KB 
[2025-04-09 23:24:39]: Added  : "漂流岛屿\DriftingStory_Data\Managed\System.EnterpriseServices.dll" 44 KB 
[2025-04-09 23:24:39]: Added  : "漂流岛屿\DriftingStory_Data\Managed\System.IO.Compression.dll" 112 KB 
[2025-04-09 23:24:39]: Added  : "漂流岛屿\DriftingStory_Data\Managed\System.IO.Compression.FileSystem.dll" 18 KB 
[2025-04-09 23:24:39]: Added  : "漂流岛屿\DriftingStory_Data\Managed\System.Net.Http.dll" 119 KB 
[2025-04-09 23:24:39]: Added  : "漂流岛屿\DriftingStory_Data\Managed\System.Numerics.dll" 117 KB 
[2025-04-09 23:24:39]: Added  : "漂流岛屿\DriftingStory_Data\Managed\System.Runtime.dll" 12 KB 
[2025-04-09 23:24:39]: Added  : "漂流岛屿\DriftingStory_Data\Managed\System.Runtime.Serialization.dll" 913 KB 
[2025-04-09 23:24:39]: Added  : "漂流岛屿\DriftingStory_Data\Managed\System.Security.dll" 313 KB 
[2025-04-09 23:24:39]: Added  : "漂流岛屿\DriftingStory_Data\Managed\System.ServiceModel.Internals.dll" 210 KB 
[2025-04-09 23:24:39]: Added  : "漂流岛屿\DriftingStory_Data\Managed\System.Transactions.dll" 35 KB 
[2025-04-09 23:24:39]: Added  : "漂流岛屿\DriftingStory_Data\Managed\System.Xml.dll" 3086 KB 
[2025-04-09 23:24:39]: Added  : "漂流岛屿\DriftingStory_Data\Managed\System.Xml.Linq.dll" 134 KB 
[2025-04-09 23:24:39]: Added  : "漂流岛屿\DriftingStory_Data\Managed\Unity.2D.Animation.Runtime.dll" 43 KB 
[2025-04-09 23:24:39]: Added  : "漂流岛屿\DriftingStory_Data\Managed\Unity.2D.Common.Runtime.dll" 41 KB 
[2025-04-09 23:24:39]: Added  : "漂流岛屿\DriftingStory_Data\Managed\Unity.2D.IK.Runtime.dll" 17 KB 
[2025-04-09 23:24:39]: Added  : "漂流岛屿\DriftingStory_Data\Managed\Unity.2D.PixelPerfect.dll" 11 KB 
[2025-04-09 23:24:39]: Added  : "漂流岛屿\DriftingStory_Data\Managed\Unity.2D.SpriteShape.Runtime.dll" 93 KB 
[2025-04-09 23:24:39]: Added  : "漂流岛屿\DriftingStory_Data\Managed\Unity.2D.Tilemap.Extras.dll" 30 KB 
[2025-04-09 23:24:39]: Added  : "漂流岛屿\DriftingStory_Data\Managed\Unity.Burst.dll" 301 KB 
[2025-04-09 23:24:39]: Added  : "漂流岛屿\DriftingStory_Data\Managed\Unity.Burst.Unsafe.dll" 6 KB 
[2025-04-09 23:24:39]: Added  : "漂流岛屿\DriftingStory_Data\Managed\Unity.InternalAPIEngineBridge.001.dll" 5 KB 
[2025-04-09 23:24:39]: Added  : "漂流岛屿\DriftingStory_Data\Managed\Unity.Mathematics.dll" 710 KB 
[2025-04-09 23:24:39]: Added  : "漂流岛屿\DriftingStory_Data\Managed\Unity.Polybrush.dll" 43 KB 
[2025-04-09 23:24:39]: Added  : "漂流岛屿\DriftingStory_Data\Managed\Unity.RenderPipeline.Universal.ShaderLibrary.dll" 7 KB 
[2025-04-09 23:24:39]: Added  : "漂流岛屿\DriftingStory_Data\Managed\Unity.RenderPipelines.Core.Runtime.dll" 344 KB 
[2025-04-09 23:24:39]: Added  : "漂流岛屿\DriftingStory_Data\Managed\Unity.RenderPipelines.Core.ShaderLibrary.dll" 4 KB 
[2025-04-09 23:24:39]: Added  : "漂流岛屿\DriftingStory_Data\Managed\Unity.RenderPipelines.ShaderGraph.ShaderGraphLibrary.dll" 4 KB 
[2025-04-09 23:24:39]: Added  : "漂流岛屿\DriftingStory_Data\Managed\Unity.RenderPipelines.Universal.Runtime.dll" 574 KB 
[2025-04-09 23:24:39]: Added  : "漂流岛屿\DriftingStory_Data\Managed\Unity.RenderPipelines.Universal.Shaders.dll" 4 KB 
[2025-04-09 23:24:39]: Added  : "漂流岛屿\DriftingStory_Data\Managed\Unity.TextMeshPro.dll" 362 KB 
[2025-04-09 23:24:39]: Added  : "漂流岛屿\DriftingStory_Data\Managed\Unity.Timeline.dll" 113 KB 
[2025-04-09 23:24:39]: Added  : "漂流岛屿\DriftingStory_Data\Managed\Unity.VisualScripting.Antlr3.Runtime.dll" 84 KB 
[2025-04-09 23:24:39]: Added  : "漂流岛屿\DriftingStory_Data\Managed\Unity.VisualScripting.Core.dll" 535 KB 
[2025-04-09 23:24:39]: Added  : "漂流岛屿\DriftingStory_Data\Managed\Unity.VisualScripting.Flow.dll" 324 KB 
[2025-04-09 23:24:39]: Added  : "漂流岛屿\DriftingStory_Data\Managed\Unity.VisualScripting.State.dll" 27 KB 
[2025-04-09 23:24:39]: Added  : "漂流岛屿\DriftingStory_Data\Managed\UnityEngine.AccessibilityModule.dll" 24 KB 
[2025-04-09 23:24:39]: Added  : "漂流岛屿\DriftingStory_Data\Managed\UnityEngine.AIModule.dll" 56 KB 
[2025-04-09 23:24:39]: Added  : "漂流岛屿\DriftingStory_Data\Managed\UnityEngine.AndroidJNIModule.dll" 78 KB 
[2025-04-09 23:24:39]: Added  : "漂流岛屿\DriftingStory_Data\Managed\UnityEngine.AnimationModule.dll" 159 KB 
[2025-04-09 23:24:39]: Added  : "漂流岛屿\DriftingStory_Data\Managed\UnityEngine.ARModule.dll" 21 KB 
[2025-04-09 23:24:39]: Added  : "漂流岛屿\DriftingStory_Data\Managed\UnityEngine.AssetBundleModule.dll" 34 KB 
[2025-04-09 23:24:39]: Added  : "漂流岛屿\DriftingStory_Data\Managed\UnityEngine.AudioModule.dll" 70 KB 
[2025-04-09 23:24:39]: Added  : "漂流岛屿\DriftingStory_Data\Managed\UnityEngine.AutoStreamingModule.dll" 21 KB 
[2025-04-09 23:24:39]: Added  : "漂流岛屿\DriftingStory_Data\Managed\UnityEngine.ClothModule.dll" 26 KB 
[2025-04-09 23:24:39]: Added  : "漂流岛屿\DriftingStory_Data\Managed\UnityEngine.ClusterInputModule.dll" 22 KB 
[2025-04-09 23:24:39]: Added  : "漂流岛屿\DriftingStory_Data\Managed\UnityEngine.ClusterRendererModule.dll" 22 KB 
[2025-04-09 23:24:39]: Added  : "漂流岛屿\DriftingStory_Data\Managed\UnityEngine.CoreModule.dll" 1244 KB 
[2025-04-09 23:24:39]: Added  : "漂流岛屿\DriftingStory_Data\Managed\UnityEngine.CrashReportingModule.dll" 21 KB 
[2025-04-09 23:24:39]: Added  : "漂流岛屿\DriftingStory_Data\Managed\UnityEngine.DirectorModule.dll" 25 KB 
[2025-04-09 23:24:39]: Added  : "漂流岛屿\DriftingStory_Data\Managed\UnityEngine.dll" 111 KB 
[2025-04-09 23:24:39]: Added  : "漂流岛屿\DriftingStory_Data\Managed\UnityEngine.DSPGraphModule.dll" 29 KB 
[2025-04-09 23:24:39]: Added  : "漂流岛屿\DriftingStory_Data\Managed\UnityEngine.GameCenterModule.dll" 40 KB 
[2025-04-09 23:24:39]: Added  : "漂流岛屿\DriftingStory_Data\Managed\UnityEngine.GIModule.dll" 20 KB 
[2025-04-09 23:24:39]: Added  : "漂流岛屿\DriftingStory_Data\Managed\UnityEngine.GridModule.dll" 25 KB 
[2025-04-09 23:24:39]: Added  : "漂流岛屿\DriftingStory_Data\Managed\UnityEngine.HotReloadModule.dll" 20 KB 
[2025-04-09 23:24:39]: Added  : "漂流岛屿\DriftingStory_Data\Managed\UnityEngine.ImageConversionModule.dll" 24 KB 
[2025-04-09 23:24:39]: Added  : "漂流岛屿\DriftingStory_Data\Managed\UnityEngine.IMGUIModule.dll" 170 KB 
[2025-04-09 23:24:39]: Added  : "漂流岛屿\DriftingStory_Data\Managed\UnityEngine.InputLegacyModule.dll" 37 KB 
[2025-04-09 23:24:39]: Added  : "漂流岛屿\DriftingStory_Data\Managed\UnityEngine.InputModule.dll" 24 KB 
[2025-04-09 23:24:39]: Added  : "漂流岛屿\DriftingStory_Data\Managed\UnityEngine.JSONSerializeModule.dll" 22 KB 
[2025-04-09 23:24:39]: Added  : "漂流岛屿\DriftingStory_Data\Managed\UnityEngine.LocalizationModule.dll" 21 KB 
[2025-04-09 23:24:39]: Added  : "漂流岛屿\DriftingStory_Data\Managed\UnityEngine.NVIDIAModule.dll" 34 KB 
[2025-04-09 23:24:39]: Added  : "漂流岛屿\DriftingStory_Data\Managed\UnityEngine.ParticleSystemModule.dll" 152 KB 
[2025-04-09 23:24:39]: Added  : "漂流岛屿\DriftingStory_Data\Managed\UnityEngine.PerformanceReportingModule.dll" 21 KB 
[2025-04-09 23:24:39]: Added  : "漂流岛屿\DriftingStory_Data\Managed\UnityEngine.Physics2DModule.dll" 131 KB 
[2025-04-09 23:24:39]: Added  : "漂流岛屿\DriftingStory_Data\Managed\UnityEngine.PhysicsModule.dll" 113 KB 
[2025-04-09 23:24:39]: Added  : "漂流岛屿\DriftingStory_Data\Managed\UnityEngine.ProfilerModule.dll" 20 KB 
[2025-04-09 23:24:39]: Added  : "漂流岛屿\DriftingStory_Data\Managed\UnityEngine.RuntimeInitializeOnLoadManagerInitializerModule.dll" 20 KB 
[2025-04-09 23:24:39]: Added  : "漂流岛屿\DriftingStory_Data\Managed\UnityEngine.ScreenCaptureModule.dll" 21 KB 
[2025-04-09 23:24:39]: Added  : "漂流岛屿\DriftingStory_Data\Managed\UnityEngine.SharedInternalsModule.dll" 32 KB 
[2025-04-09 23:24:39]: Added  : "漂流岛屿\DriftingStory_Data\Managed\UnityEngine.SpriteMaskModule.dll" 22 KB 
[2025-04-09 23:24:39]: Added  : "漂流岛屿\DriftingStory_Data\Managed\UnityEngine.SpriteShapeModule.dll" 25 KB 
[2025-04-09 23:24:39]: Added  : "漂流岛屿\DriftingStory_Data\Managed\UnityEngine.StreamingModule.dll" 21 KB 
[2025-04-09 23:24:39]: Added  : "漂流岛屿\DriftingStory_Data\Managed\UnityEngine.SubstanceModule.dll" 25 KB 
[2025-04-09 23:24:39]: Added  : "漂流岛屿\DriftingStory_Data\Managed\UnityEngine.SubsystemsModule.dll" 35 KB 
[2025-04-09 23:24:39]: Added  : "漂流岛屿\DriftingStory_Data\Managed\UnityEngine.TerrainModule.dll" 97 KB 
[2025-04-09 23:24:39]: Added  : "漂流岛屿\DriftingStory_Data\Managed\UnityEngine.TerrainPhysicsModule.dll" 21 KB 
[2025-04-09 23:24:39]: Added  : "漂流岛屿\DriftingStory_Data\Managed\UnityEngine.TextCoreFontEngineModule.dll" 71 KB 
[2025-04-09 23:24:39]: Added  : "漂流岛屿\DriftingStory_Data\Managed\UnityEngine.TextCoreTextEngineModule.dll" 193 KB 
[2025-04-09 23:24:39]: Added  : "漂流岛屿\DriftingStory_Data\Managed\UnityEngine.TextRenderingModule.dll" 39 KB 
[2025-04-09 23:24:39]: Added  : "漂流岛屿\DriftingStory_Data\Managed\UnityEngine.TilemapModule.dll" 43 KB 
[2025-04-09 23:24:39]: Added  : "漂流岛屿\DriftingStory_Data\Managed\UnityEngine.TLSModule.dll" 26 KB 
[2025-04-09 23:24:39]: Added  : "漂流岛屿\DriftingStory_Data\Managed\UnityEngine.UI.dll" 242 KB 
[2025-04-09 23:24:39]: Added  : "漂流岛屿\DriftingStory_Data\Managed\UnityEngine.UIElementsModule.dll" 1181 KB 
[2025-04-09 23:24:39]: Added  : "漂流岛屿\DriftingStory_Data\Managed\UnityEngine.UIElementsNativeModule.dll" 58 KB 
[2025-04-09 23:24:39]: Added  : "漂流岛屿\DriftingStory_Data\Managed\UnityEngine.UIModule.dll" 36 KB 
[2025-04-09 23:24:39]: Added  : "漂流岛屿\DriftingStory_Data\Managed\UnityEngine.UIWidgetsModule.dll" 21 KB 
[2025-04-09 23:24:39]: Added  : "漂流岛屿\DriftingStory_Data\Managed\UnityEngine.UmbraModule.dll" 20 KB 
[2025-04-09 23:24:39]: Added  : "漂流岛屿\DriftingStory_Data\Managed\UnityEngine.UNETModule.dll" 88 KB 
[2025-04-09 23:24:39]: Added  : "漂流岛屿\DriftingStory_Data\Managed\UnityEngine.UnityAnalyticsCommonModule.dll" 21 KB 
[2025-04-09 23:24:39]: Added  : "漂流岛屿\DriftingStory_Data\Managed\UnityEngine.UnityAnalyticsModule.dll" 44 KB 
[2025-04-09 23:24:39]: Added  : "漂流岛屿\DriftingStory_Data\Managed\UnityEngine.UnityConnectModule.dll" 22 KB 
[2025-04-09 23:24:39]: Added  : "漂流岛屿\DriftingStory_Data\Managed\UnityEngine.UnityCurlModule.dll" 22 KB 
[2025-04-09 23:24:39]: Added  : "漂流岛屿\DriftingStory_Data\Managed\UnityEngine.UnityTestProtocolModule.dll" 20 KB 
[2025-04-09 23:24:39]: Added  : "漂流岛屿\DriftingStory_Data\Managed\UnityEngine.UnityWebRequestAssetBundleModule.dll" 23 KB 
[2025-04-09 23:24:39]: Added  : "漂流岛屿\DriftingStory_Data\Managed\UnityEngine.UnityWebRequestAudioModule.dll" 23 KB 
[2025-04-09 23:24:39]: Added  : "漂流岛屿\DriftingStory_Data\Managed\UnityEngine.UnityWebRequestModule.dll" 56 KB 
[2025-04-09 23:24:39]: Added  : "漂流岛屿\DriftingStory_Data\Managed\UnityEngine.UnityWebRequestTextureModule.dll" 22 KB 
[2025-04-09 23:24:39]: Added  : "漂流岛屿\DriftingStory_Data\Managed\UnityEngine.UnityWebRequestWWWModule.dll" 31 KB 
[2025-04-09 23:24:39]: Added  : "漂流岛屿\DriftingStory_Data\Managed\UnityEngine.VehiclesModule.dll" 24 KB 
[2025-04-09 23:24:39]: Added  : "漂流岛屿\DriftingStory_Data\Managed\UnityEngine.VFXModule.dll" 54 KB 
[2025-04-09 23:24:39]: Added  : "漂流岛屿\DriftingStory_Data\Managed\UnityEngine.VideoModule.dll" 40 KB 
[2025-04-09 23:24:39]: Added  : "漂流岛屿\DriftingStory_Data\Managed\UnityEngine.VirtualTexturingModule.dll" 35 KB 
[2025-04-09 23:24:39]: Added  : "漂流岛屿\DriftingStory_Data\Managed\UnityEngine.VRModule.dll" 26 KB 
[2025-04-09 23:24:39]: Added  : "漂流岛屿\DriftingStory_Data\Managed\UnityEngine.WindModule.dll" 21 KB 
[2025-04-09 23:24:39]: Added  : "漂流岛屿\DriftingStory_Data\Managed\UnityEngine.XRModule.dll" 69 KB 
[2025-04-09 23:24:39]: Added  : "漂流岛屿\DriftingStory_Data\Plugins" 0 KB ,Flags: 64
[2025-04-09 23:24:39]: Added  : "漂流岛屿\DriftingStory_Data\Plugins\x86_64" 0 KB ,Flags: 64
[2025-04-09 23:24:39]: Added  : "漂流岛屿\DriftingStory_Data\Plugins\x86_64\lib_burst_generated.dll" 169 KB 
[2025-04-09 23:24:39]: Added  : "漂流岛屿\DriftingStory_Data\Resources" 0 KB ,Flags: 64
[2025-04-09 23:24:39]: Added  : "漂流岛屿\DriftingStory_Data\resources.assets" 2183 KB 
[2025-04-09 23:24:39]: Added  : "漂流岛屿\DriftingStory_Data\resources.assets.resS" 26042 KB 
[2025-04-09 23:24:39]: Added  : "漂流岛屿\DriftingStory_Data\resources.resource" 13 KB 
[2025-04-09 23:24:39]: Added  : "漂流岛屿\DriftingStory_Data\Resources\unity default resources" 4720 KB 
[2025-04-09 23:24:39]: Added  : "漂流岛屿\DriftingStory_Data\Resources\unity_builtin_extra" 377 KB 
[2025-04-09 23:24:39]: Added  : "漂流岛屿\DriftingStory_Data\RuntimeInitializeOnLoads.json" 5 KB 
[2025-04-09 23:24:39]: Added  : "漂流岛屿\DriftingStory_Data\ScriptingAssemblies.json" 4 KB 
[2025-04-09 23:24:39]: Added  : "漂流岛屿\DriftingStory_Data\sharedassets0.assets" 1558 KB 
[2025-04-09 23:24:39]: Added  : "漂流岛屿\DriftingStory_Data\sharedassets0.assets.resS" 103425 KB 
[2025-04-09 23:24:39]: Added  : "漂流岛屿\DriftingStory_Data\sharedassets0.resource" 44 KB 
[2025-04-09 23:24:39]: Added  : "漂流岛屿\MonoBleedingEdge" 0 KB ,Flags: 64
[2025-04-09 23:24:39]: Added  : "漂流岛屿\MonoBleedingEdge\EmbedRuntime" 0 KB ,Flags: 64
[2025-04-09 23:24:39]: Added  : "漂流岛屿\MonoBleedingEdge\EmbedRuntime\mono-2.0-bdwgc.dll" 7574 KB 
[2025-04-09 23:24:39]: Added  : "漂流岛屿\MonoBleedingEdge\EmbedRuntime\MonoPosixHelper.dll" 597 KB 
[2025-04-09 23:24:39]: Added  : "漂流岛屿\MonoBleedingEdge\etc" 0 KB ,Flags: 64
[2025-04-09 23:24:39]: Added  : "漂流岛屿\MonoBleedingEdge\etc\mono" 0 KB ,Flags: 64
[2025-04-09 23:24:39]: Added  : "漂流岛屿\MonoBleedingEdge\etc\mono\2.0" 0 KB ,Flags: 64
[2025-04-09 23:24:39]: Added  : "漂流岛屿\MonoBleedingEdge\etc\mono\2.0\Browsers" 0 KB ,Flags: 64
[2025-04-09 23:24:39]: Added  : "漂流岛屿\MonoBleedingEdge\etc\mono\2.0\Browsers\Compat.browser" 2 KB 
[2025-04-09 23:24:39]: Added  : "漂流岛屿\MonoBleedingEdge\etc\mono\2.0\DefaultWsdlHelpGenerator.aspx" 60 KB 
[2025-04-09 23:24:39]: Added  : "漂流岛屿\MonoBleedingEdge\etc\mono\2.0\machine.config" 29 KB 
[2025-04-09 23:24:39]: Added  : "漂流岛屿\MonoBleedingEdge\etc\mono\2.0\settings.map" 3 KB 
[2025-04-09 23:24:39]: Added  : "漂流岛屿\MonoBleedingEdge\etc\mono\2.0\web.config" 12 KB 
[2025-04-09 23:24:39]: Added  : "漂流岛屿\MonoBleedingEdge\etc\mono\4.0" 0 KB ,Flags: 64
[2025-04-09 23:24:39]: Added  : "漂流岛屿\MonoBleedingEdge\etc\mono\4.0\Browsers" 0 KB ,Flags: 64
[2025-04-09 23:24:39]: Added  : "漂流岛屿\MonoBleedingEdge\etc\mono\4.0\Browsers\Compat.browser" 2 KB 
[2025-04-09 23:24:39]: Added  : "漂流岛屿\MonoBleedingEdge\etc\mono\4.0\DefaultWsdlHelpGenerator.aspx" 60 KB 
[2025-04-09 23:24:39]: Added  : "漂流岛屿\MonoBleedingEdge\etc\mono\4.0\machine.config" 33 KB 
[2025-04-09 23:24:39]: Added  : "漂流岛屿\MonoBleedingEdge\etc\mono\4.0\settings.map" 3 KB 
[2025-04-09 23:24:39]: Added  : "漂流岛屿\MonoBleedingEdge\etc\mono\4.0\web.config" 19 KB 
[2025-04-09 23:24:39]: Added  : "漂流岛屿\MonoBleedingEdge\etc\mono\4.5" 0 KB ,Flags: 64
[2025-04-09 23:24:39]: Added  : "漂流岛屿\MonoBleedingEdge\etc\mono\4.5\Browsers" 0 KB ,Flags: 64
[2025-04-09 23:24:39]: Added  : "漂流岛屿\MonoBleedingEdge\etc\mono\4.5\Browsers\Compat.browser" 2 KB 
[2025-04-09 23:24:39]: Added  : "漂流岛屿\MonoBleedingEdge\etc\mono\4.5\DefaultWsdlHelpGenerator.aspx" 60 KB 
[2025-04-09 23:24:39]: Added  : "漂流岛屿\MonoBleedingEdge\etc\mono\4.5\machine.config" 34 KB 
[2025-04-09 23:24:39]: Added  : "漂流岛屿\MonoBleedingEdge\etc\mono\4.5\settings.map" 3 KB 
[2025-04-09 23:24:39]: Added  : "漂流岛屿\MonoBleedingEdge\etc\mono\4.5\web.config" 19 KB 
[2025-04-09 23:24:39]: Added  : "漂流岛屿\MonoBleedingEdge\etc\mono\browscap.ini" 305 KB 
[2025-04-09 23:24:39]: Added  : "漂流岛屿\MonoBleedingEdge\etc\mono\config" 4 KB 
[2025-04-09 23:24:39]: Added  : "漂流岛屿\MonoBleedingEdge\etc\mono\mconfig" 0 KB ,Flags: 64
[2025-04-09 23:24:39]: Added  : "漂流岛屿\MonoBleedingEdge\etc\mono\mconfig\config.xml" 26 KB 
[2025-04-09 23:24:39]: Added  : "漂流岛屿\UnityCrashHandler64.exe" 1098 KB 
[2025-04-09 23:24:39]: Added  : "漂流岛屿\UnityPlayer.dll" 28753 KB 
[2025-04-09 23:24:39]: Summary: 191 files added (206.99 MB), 0 files changed (0 bytes), 0 files removed (0 bytes)
[2025-04-09 23:24:40]: Uploading new manifest to 192.69.99.15:80 (handle 3323046728695877761, 37509 bytes).
[2025-04-09 23:24:41]: Uploading 341 out of 341 missing chunks.
[2025-04-09 23:25:01]: Success! New manifestID 1254509526944221167 created and 341 new chunks uploaded.
